[debug] [2023-05-09T12:22:32.527Z] ----------------------------------------------------------------------
[debug] [2023-05-09T12:22:32.528Z] Command:       C:\Program Files\nodejs\node.exe C:\Users\chint\AppData\Roaming\npm\node_modules\firebase-tools\lib\bin\firebase.js init
[debug] [2023-05-09T12:22:32.529Z] CLI Version:   11.30.0
[debug] [2023-05-09T12:22:32.529Z] Platform:      win32
[debug] [2023-05-09T12:22:32.529Z] Node Version:  v18.16.0
[debug] [2023-05-09T12:22:32.530Z] Time:          Tue May 09 2023 17:52:32 GMT+0530 (India Standard Time)
[debug] [2023-05-09T12:22:32.530Z] ----------------------------------------------------------------------
[debug] 
[debug] [2023-05-09T12:22:32.588Z] > command requires scopes: ["email","openid","https://www.googleapis.com/auth/cloudplatformprojects.readonly","https://www.googleapis.com/auth/firebase","https://www.googleapis.com/auth/cloud-platform"]
[debug] [2023-05-09T12:22:32.589Z] > authorizing via signed-in user (rajg382000@gmail.com)
[info] 
     ######## #### ########  ######## ########     ###     ######  ########
     ##        ##  ##     ## ##       ##     ##  ##   ##  ##       ##
     ######    ##  ########  ######   ########  #########  ######  ######
     ##        ##  ##    ##  ##       ##     ## ##     ##       ## ##
     ##       #### ##     ## ######## ########  ##     ##  ######  ########

You're about to initialize a Firebase project in this directory:

  D:\Raj\Other\Orientation\New folder\ang-blog-app

Before we get started, keep in mind:

  * You are initializing within an existing Firebase project directory

